<?xml version="1.0" encoding="UTF-8" ?>
<testsuite errors="1" failures="0" hostname="FFI-WORKPC" name="com.ibatis.jpetstore.persistence.AccountDaoTest" skipped="0" tests="1" time="0.0" timestamp="2015-02-17T16:32:00">
  <properties>
[...]
</properties>
  <testcase classname="com.ibatis.jpetstore.persistence.AccountDaoTest" name="unknown" time="0.0">
    <error message="Forked Java VM exited abnormally. Please note the time in the report does not reflect the time until the VM exit." type="junit.framework.AssertionFailedError">junit.framework.AssertionFailedError: Forked Java VM exited abnormally. Please note the time in the report does not reflect the time until the VM exit.
	at org.eclipse.ant.internal.launching.remote.EclipseDefaultExecutor.executeTargets(EclipseDefaultExecutor.java:36)
	at org.eclipse.ant.internal.launching.remote.InternalAntRunner.run(InternalAntRunner.java:452)
	at org.eclipse.ant.internal.launching.remote.InternalAntRunner.main(InternalAntRunner.java:139)
</error>
  </testcase>
</testsuite>
